#
# There is insufficient memory for the Java Runtime Environment to continue.
# Native memory allocation (mmap) failed to map 197132288 bytes for Failed to commit area from 0x0000000745200000 to 0x0000000750e00000 of length 197132288.
# Possible reasons:
#   The system is out of physical RAM or swap space
#   The process is running with CompressedOops enabled, and the Java Heap may be blocking the growth of the native heap
# Possible solutions:
#   Reduce memory load on the system
#   Increase physical memory or swap space
#   Check if swap backing store is full
#   Decrease Java heap size (-Xmx/-Xms)
#   Decrease number of Java threads
#   Decrease Java thread stack sizes (-Xss)
#   Set larger code cache with -XX:ReservedCodeCacheSize=
# This output file may be truncated or incomplete.
#
#  Out of Memory Error (./src/hotspot/os/windows/os_windows.cpp:3303), pid=5336, tid=14548
#
# JRE version:  (11.0.9.1+11) (build )
# Java VM: OpenJDK 64-Bit Server VM (11.0.9.1+11-b1145.77, mixed mode, sharing, tiered, compressed oops, g1 gc, windows-amd64)
# No core dump will be written. Minidumps are not enabled by default on client versions of Windows
#

---------------  S U M M A R Y ------------

Command Line: org.jetbrains.git4idea.http.GitAskPassApp Username for 'https://github.com': 

Host: Intel(R) Core(TM) i3-9100 CPU @ 3.60GHz, 4 cores, 11G,  Windows 10 , 64 bit Build 19041 (10.0.19041.1706)
Time: Mon Jun  6 15:17:45 2022 SE Asia Standard Time elapsed time: 0.012475 seconds (0d 0h 0m 0s)

---------------  T H R E A D  ---------------

Current thread (0x0000022ea4aea000):  JavaThread "Unknown thread" [_thread_in_vm, id=14548, stack(0x0000009ede000000,0x0000009ede100000)]

Stack: [0x0000009ede000000,0x0000009ede100000]
Native frames: (J=compiled Java code, j=interpreted, Vv=VM code, C=native code)
V  [jvm.dll+0x5edd9a]
V  [jvm.dll+0x7229c5]
V  [jvm.dll+0x723f1d]
V  [jvm.dll+0x7245d3]
V  [jvm.dll+0x2431b8]
V  [jvm.dll+0x5eb234]
V  [jvm.dll+0x5e0325]
V  [jvm.dll+0x2fe60b]
V  [jvm.dll+0x2fe57a]
V  [jvm.dll+0x2fe452]
V  [jvm.dll+0x303346]
V  [jvm.dll+0x34ba83]
V  [jvm.dll+0x34c186]
V  [jvm.dll+0x34bb83]
V  [jvm.dll+0x2d9218]
V  [jvm.dll+0x2da3c7]
V  [jvm.dll+0x701a67]
V  [jvm.dll+0x70325c]
V  [jvm.dll+0x359049]
V  [jvm.dll+0x6e552e]
V  [jvm.dll+0x3c1353]
V  [jvm.dll+0x3c3571]
C  [jli.dll+0x5373]
C  [ucrtbase.dll+0x21bb2]
C  [KERNEL32.DLL+0x17034]
C  [ntdll.dll+0x52651]


---------------  P R O C E S S  ---------------

Threads class SMR info:
_java_thread_list=0x0000022ea4a11c70, length=0, elements={
}

Java Threads: ( => current thread )

Other Threads:
  0x0000022ea6d23000 GCTaskThread "GC Thread#0" [stack: 0x0000009ede100000,0x0000009ede200000] [id=20016]
  0x0000022ea6d67000 ConcurrentGCThread "G1 Main Marker" [stack: 0x0000009ede200000,0x0000009ede300000] [id=9848]
  0x0000022ea6d69800 ConcurrentGCThread "G1 Conc#0" [stack: 0x0000009ede300000,0x0000009ede400000] [id=8564]

[error occurred during error reporting (printing all threads), id 0xc0000005, EXCEPTION_ACCESS_VIOLATION (0xc0000005) at pc=0x00007ffda0e29807]

VM state:not at safepoint (not fully initialized)

VM Mutex/Monitor currently owned by a thread:  ([mutex/lock_event])
[0x0000022ea6d0cdc0] Heap_lock - owner thread: 0x0000022ea4aea000

Heap address: 0x0000000745200000, size: 2990 MB, Compressed Oops mode: Non-zero based: 0x0000000745200000
Narrow klass base: 0x0000000000000000, Narrow klass shift: 0

GC Heap History (0 events):
No events

Deoptimization events (0 events):
No events

Classes redefined (0 events):
No events

Internal exceptions (0 events):
No events

Events (1 events):
Event: 0.007 Loaded shared library E:\JetBrains\PhpStorm 2020.3.2\jbr\bin\zip.dll


Dynamic libraries:
0x00007ff7a10e0000 - 0x00007ff7a10ea000 	E:\JetBrains\PhpStorm 2020.3.2\jbr\bin\java.exe
0x00007ffe08870000 - 0x00007ffe08a65000 	C:\WINDOWS\SYSTEM32\ntdll.dll
0x00007ffe070a0000 - 0x00007ffe0715d000 	C:\WINDOWS\System32\KERNEL32.DLL
0x00007ffe06500000 - 0x00007ffe067cd000 	C:\WINDOWS\System32\KERNELBASE.dll
0x00007ffe06360000 - 0x00007ffe06460000 	C:\WINDOWS\System32\ucrtbase.dll
0x00007ffdfaa10000 - 0x00007ffdfaa29000 	E:\JetBrains\PhpStorm 2020.3.2\jbr\bin\jli.dll
0x00007ffe06f00000 - 0x00007ffe070a0000 	C:\WINDOWS\System32\USER32.dll
0x00007ffe05fc0000 - 0x00007ffe05fe2000 	C:\WINDOWS\System32\win32u.dll
0x00007ffded830000 - 0x00007ffdedaca000 	C:\WINDOWS\WinSxS\amd64_microsoft.windows.common-controls_6595b64144ccf1df_6.0.19041.1110_none_60b5254171f9507e\COMCTL32.dll
0x00007ffe08100000 - 0x00007ffe0812a000 	C:\WINDOWS\System32\GDI32.dll
0x00007ffe061a0000 - 0x00007ffe062ab000 	C:\WINDOWS\System32\gdi32full.dll
0x00007ffe06c70000 - 0x00007ffe06d0e000 	C:\WINDOWS\System32\msvcrt.dll
0x00007ffe06460000 - 0x00007ffe064fd000 	C:\WINDOWS\System32\msvcp_win.dll
0x00007ffdeff10000 - 0x00007ffdeff27000 	E:\JetBrains\PhpStorm 2020.3.2\jbr\bin\VCRUNTIME140.dll
0x00007ffe07230000 - 0x00007ffe07260000 	C:\WINDOWS\System32\IMM32.DLL
0x00007ffdd92d0000 - 0x00007ffdd936d000 	E:\JetBrains\PhpStorm 2020.3.2\jbr\bin\msvcp140.dll
0x00007ffda0b40000 - 0x00007ffda160e000 	E:\JetBrains\PhpStorm 2020.3.2\jbr\bin\server\jvm.dll
0x00007ffe06d10000 - 0x00007ffe06dbe000 	C:\WINDOWS\System32\ADVAPI32.dll
0x00007ffe06890000 - 0x00007ffe0692c000 	C:\WINDOWS\System32\sechost.dll
0x00007ffe06b40000 - 0x00007ffe06c65000 	C:\WINDOWS\System32\RPCRT4.dll
0x00007ffe07e70000 - 0x00007ffe07e78000 	C:\WINDOWS\System32\PSAPI.DLL
0x00007ffdfcde0000 - 0x00007ffdfce07000 	C:\WINDOWS\SYSTEM32\WINMM.dll
0x00007ffe00f70000 - 0x00007ffe00f7a000 	C:\WINDOWS\SYSTEM32\VERSION.dll
0x00007ffdf3650000 - 0x00007ffdf3659000 	C:\WINDOWS\SYSTEM32\WSOCK32.dll
0x00007ffe07260000 - 0x00007ffe072cb000 	C:\WINDOWS\System32\WS2_32.dll
0x00007ffe03e30000 - 0x00007ffe03e42000 	C:\WINDOWS\SYSTEM32\kernel.appcore.dll
0x00007ffdb3e50000 - 0x00007ffdb3e61000 	E:\JetBrains\PhpStorm 2020.3.2\jbr\bin\verify.dll
0x00007ffdef8c0000 - 0x00007ffdefaa4000 	C:\WINDOWS\SYSTEM32\DBGHELP.DLL
0x00007ffdefb90000 - 0x00007ffdefbbc000 	C:\WINDOWS\SYSTEM32\dbgcore.DLL
0x00007ffe06800000 - 0x00007ffe06882000 	C:\WINDOWS\System32\bcryptPrimitives.dll
0x00007ffdb3e20000 - 0x00007ffdb3e49000 	E:\JetBrains\PhpStorm 2020.3.2\jbr\bin\java.dll
0x00007ffdefb80000 - 0x00007ffdefb8b000 	E:\JetBrains\PhpStorm 2020.3.2\jbr\bin\jimage.dll
0x00007ffdb3e00000 - 0x00007ffdb3e18000 	E:\JetBrains\PhpStorm 2020.3.2\jbr\bin\zip.dll

dbghelp: loaded successfully - version: 4.0.5 - missing functions: none
symbol engine: initialized successfully - sym options: 0x614 - pdb path: .;E:\JetBrains\PhpStorm 2020.3.2\jbr\bin;C:\WINDOWS\SYSTEM32;C:\WINDOWS\WinSxS\amd64_microsoft.windows.common-controls_6595b64144ccf1df_6.0.19041.1110_none_60b5254171f9507e;E:\JetBrains\PhpStorm 2020.3.2\jbr\bin\server

VM Arguments:
java_command: org.jetbrains.git4idea.http.GitAskPassApp Username for 'https://github.com': 
java_class_path (initial): E:/JetBrains/PhpStorm 2020.3.2/plugins/git4idea/lib/git4idea-rt.jar;E:/JetBrains/PhpStorm 2020.3.2/lib/xmlrpc-2.0.1.jar;E:/JetBrains/PhpStorm 2020.3.2/lib/commons-codec-1.14.jar
Launcher Type: SUN_STANDARD

[Global flags]
     intx CICompilerCount                          = 3                                         {product} {ergonomic}
     uint ConcGCThreads                            = 1                                         {product} {ergonomic}
     uint G1ConcRefinementThreads                  = 4                                         {product} {ergonomic}
   size_t G1HeapRegionSize                         = 1048576                                   {product} {ergonomic}
    uintx GCDrainStackTargetSize                   = 64                                        {product} {ergonomic}
   size_t InitialHeapSize                          = 197132288                                 {product} {ergonomic}
   size_t MarkStackSize                            = 4194304                                   {product} {ergonomic}
   size_t MaxHeapSize                              = 3135242240                                {product} {ergonomic}
   size_t MinHeapDeltaBytes                        = 1048576                                   {product} {ergonomic}
    uintx NonNMethodCodeHeapSize                   = 5830732                                {pd product} {ergonomic}
    uintx NonProfiledCodeHeapSize                  = 122913754                              {pd product} {ergonomic}
    uintx ProfiledCodeHeapSize                     = 122913754                              {pd product} {ergonomic}
    uintx ReservedCodeCacheSize                    = 251658240                              {pd product} {ergonomic}
     bool SegmentedCodeCache                       = true                                      {product} {ergonomic}
     bool UseCompressedClassPointers               = true                                 {lp64_product} {ergonomic}
     bool UseCompressedOops                        = true                                 {lp64_product} {ergonomic}
     bool UseG1GC                                  = true                                      {product} {ergonomic}
     bool UseLargePagesIndividualAllocation        = false                                  {pd product} {ergonomic}

Logging:
Log output configuration:
 #0: stdout all=warning uptime,level,tags
 #1: stderr all=off uptime,level,tags

Environment Variables:
JAVA_HOME=C:\Program Files\Java\jdk-17.0.1
PATH=E:/Git/mingw64/libexec/git-core;E:/Git/mingw64/libexec/git-core;E:\Git\mingw64\bin;E:\Git\usr\bin;C:\Users\ducdv\bin;C:\Program Files (x86)\Microsoft SDKs\Azure\CLI2\wbin;C:\Program Files\Common Files\Oracle\Java\javapath;C:\WINDOWS\system32;C:\WINDOWS;C:\WINDOWS\System32\Wbem;C:\WINDOWS\System32\WindowsPowerShell\v1.0\;C:\WINDOWS\System32\OpenSSH\;C:\xampp\php;C:\composer;E:\Git\cmd;C:\Program Files (x86)\Kaspersky Lab\Endpoint Agent\;C:\Program Files\nodejs\;C:\Program Files\TortoiseSVN\bin;C:\Program Files\Docker\Docker\resources\bin;C:\ProgramData\DockerDesktop\version-bin;C:\Users\ducdv\AppData\Local\Microsoft\WindowsApps;C:\Users\ducdv\AppData\Roaming\Composer\vendor\bin;E:\Microsoft VS Code\bin;C:\Users\ducdv\AppData\Roaming\npm
USERNAME=ducdv
DISPLAY=:0.0
LC_ALL=en_US.UTF-8
OS=Windows_NT
PROCESSOR_IDENTIFIER=Intel64 Family 6 Model 158 Stepping 11, GenuineIntel



---------------  S Y S T E M  ---------------

OS: Windows 10 , 64 bit Build 19041 (10.0.19041.1706)
OS uptime: 19 days 1:40 hours
HyperV virtualization detected

CPU:total 4 (initial active 4) (4 cores per cpu, 1 threads per core) family 6 model 158 stepping 11, cmov, cx8, fxsr, mmx, sse, sse2, sse3, ssse3, sse4.1, sse4.2, popcnt, avx, avx2, aes, clmul, erms, 3dnowpref, lzcnt, tsc, tscinvbit, bmi1, bmi2, adx, fma

Memory: 4k page, system-wide physical 11953M (724M free)
TotalPageFile size 26096M (AvailPageFile size 8M)
current process WorkingSet (physical memory assigned to process): 9M, peak: 9M
current process commit charge ("private bytes"): 51M, peak: 239M

vm_info: OpenJDK 64-Bit Server VM (11.0.9.1+11-b1145.77) for windows-amd64 JRE (11.0.9.1+11-b1145.77), built on Jan 16 2021 05:14:13 by "" with MS VC++ 14.0 (VS2015)

END.
